<?xml version="1.0" encoding="UTF-8"?>
<testng-results skipped="0" failed="0" total="1" passed="1">
  <reporter-output>
  </reporter-output>
  <suite name="Default suite" duration-ms="30" started-at="2018-07-27T13:12:47Z" finished-at="2018-07-27T13:12:47Z">
    <groups>
    </groups>
    <test name="Default test" duration-ms="30" started-at="2018-07-27T13:12:47Z" finished-at="2018-07-27T13:12:47Z">
      <class name="test123.TestNGFirstFramework">
        <test-method status="PASS" signature="beforeSuite()[pri:0, instance:test123.TestNGFirstFramework@1593948d]" name="beforeSuite" is-config="true" duration-ms="10" started-at="2018-07-27T18:42:47Z" finished-at="2018-07-27T18:42:47Z">
          <reporter-output>
          </reporter-output>
        </test-method> <!-- beforeSuite -->
        <test-method status="PASS" signature="beforeTest()[pri:0, instance:test123.TestNGFirstFramework@1593948d]" name="beforeTest" is-config="true" duration-ms="0" started-at="2018-07-27T18:42:47Z" finished-at="2018-07-27T18:42:47Z">
          <reporter-output>
          </reporter-output>
        </test-method> <!-- beforeTest -->
        <test-method status="PASS" signature="beforeClass()[pri:0, instance:test123.TestNGFirstFramework@1593948d]" name="beforeClass" is-config="true" duration-ms="0" started-at="2018-07-27T18:42:47Z" finished-at="2018-07-27T18:42:47Z">
          <reporter-output>
          </reporter-output>
        </test-method> <!-- beforeClass -->
        <test-method status="PASS" signature="beforeMethod()[pri:0, instance:test123.TestNGFirstFramework@1593948d]" name="beforeMethod" is-config="true" duration-ms="1" started-at="2018-07-27T18:42:47Z" finished-at="2018-07-27T18:42:47Z">
          <reporter-output>
          </reporter-output>
        </test-method> <!-- beforeMethod -->
        <test-method status="PASS" signature="f()[pri:0, instance:test123.TestNGFirstFramework@1593948d]" name="f" duration-ms="7" started-at="2018-07-27T18:42:47Z" finished-at="2018-07-27T18:42:47Z">
          <reporter-output>
          </reporter-output>
        </test-method> <!-- f -->
        <test-method status="PASS" signature="afterMethod()[pri:0, instance:test123.TestNGFirstFramework@1593948d]" name="afterMethod" is-config="true" duration-ms="0" started-at="2018-07-27T18:42:47Z" finished-at="2018-07-27T18:42:47Z">
          <reporter-output>
          </reporter-output>
        </test-method> <!-- afterMethod -->
        <test-method status="PASS" signature="afterClass()[pri:0, instance:test123.TestNGFirstFramework@1593948d]" name="afterClass" is-config="true" duration-ms="0" started-at="2018-07-27T18:42:47Z" finished-at="2018-07-27T18:42:47Z">
          <reporter-output>
          </reporter-output>
        </test-method> <!-- afterClass -->
        <test-method status="PASS" signature="afterTest()[pri:0, instance:test123.TestNGFirstFramework@1593948d]" name="afterTest" is-config="true" duration-ms="0" started-at="2018-07-27T18:42:47Z" finished-at="2018-07-27T18:42:47Z">
          <reporter-output>
          </reporter-output>
        </test-method> <!-- afterTest -->
        <test-method status="PASS" signature="afterSuite()[pri:0, instance:test123.TestNGFirstFramework@1593948d]" name="afterSuite" is-config="true" duration-ms="1" started-at="2018-07-27T18:42:47Z" finished-at="2018-07-27T18:42:47Z">
          <reporter-output>
          </reporter-output>
        </test-method> <!-- afterSuite -->
      </class> <!-- test123.TestNGFirstFramework -->
    </test> <!-- Default test -->
  </suite> <!-- Default suite -->
</testng-results>
